modules/expo-native-video/android/build/intermediates/manifest_merge_blame_file/release/processReleaseManifest/manifest-merger-blame-release-report.txt
1<?xml version="1.0" encoding="utf-8"?>
2<manifest xmlns:android="http://schemas.android.com/apk/res/android"
3    package="expo.modules.nativevideo" >
4
5    <uses-sdk android:minSdkVersion="24" />
6
7    <application />
7-->src/main/AndroidManifest.xml:2:3-18
8
9</manifest>